<?xml version="1.0" encoding="UTF-8"?>
<testsuite name="dz03.SerializerTests" tests="2" skipped="0" failures="0" errors="0" timestamp="2019-11-28T00:51:58" hostname="ubuntu" time="0.011">
  <properties/>
  <testcase name="TestJSONSerializeer" classname="dz03.SerializerTests" time="0.008"/>
  <testcase name="TestXMLSerializer" classname="dz03.SerializerTests" time="0.003"/>
  <system-out><![CDATA[]]></system-out>
  <system-err><![CDATA[]]></system-err>
</testsuite>
