<?xml version="1.0" encoding="UTF-8"?>
<testsuite name="TestSimpleHashMap" tests="1" skipped="0" failures="0" errors="0" timestamp="2019-10-25T16:21:50" hostname="ubuntu" time="0.011">
  <properties/>
  <testcase name="testRemove" classname="TestSimpleHashMap" time="0.011"/>
  <system-out><![CDATA[[одиннадцать, один, два, три, четыре, пять, шесть, семь, восемь, девять, двенадцать, десять]
[одиннадцать, двенадцать, тринадцать, один, два, три, четыре, пять, шесть, семь, восемь, девять, десять]
[одиннадцать, двенадцать, тринадцать, четырнадцать, пятнадцать, шестнадцать, один, два, три, четыре, пять, шесть, семь, восемь, девять, десять]
[одиннадцать, двенадцать, четырнадцать, пятнадцать, шестнадцать, два, три, четыре, пять, шесть, семь, восемь, девять, десять]
]]></system-out>
  <system-err><![CDATA[]]></system-err>
</testsuite>
