<?xml version="1.0" encoding="UTF-8"?>
<testsuite name="dz04.TestExecutionManager" tests="1" skipped="0" failures="0" errors="0" timestamp="2019-12-20T15:04:36" hostname="ubuntu" time="12.054">
  <properties/>
  <testcase name="Test" classname="dz04.TestExecutionManager" time="12.054"/>
  <system-out><![CDATA[pool-1-thread-1 0
pool-1-thread-2 0
pool-1-thread-2 1
pool-1-thread-1 1
pool-1-thread-2 2
pool-1-thread-2 3
pool-1-thread-1 2
pool-1-thread-2 4
pool-1-thread-2 5
pool-1-thread-1 3
pool-1-thread-2 6
pool-1-thread-2 7
pool-1-thread-1 4
pool-1-thread-2 8
pool-1-thread-2 9
pool-1-thread-1 5
Finished: false
Min exec time: 5020
Max exec time: 5020
Avg exec time: 5020
Completed: 1
Failed: 0
Interrupted: 0
pool-1-thread-1 6
pool-1-thread-1 7
pool-1-thread-1 8
pool-1-thread-1 9
All tasks done.
Finished: true
Min exec time: 5020
Max exec time: 10037
Avg exec time: 7529
Completed: 2
Failed: 0
Interrupted: 0
]]></system-out>
  <system-err><![CDATA[]]></system-err>
</testsuite>
